This file contains any messages produced by compilers while
running configure, to aid debugging if configure makes a mistake.

It was created by openocd configure 0.10.0+dev, which was
generated by GNU Autoconf 2.69.  Invocation command line was

  $ ./configure --enable-ftdi --enable-stlink --enable-ti-icdi --enable-jlink --enable-cmsis-dap

## --------- ##
## Platform. ##
## --------- ##

hostname = ubuntu
uname -m = x86_64
uname -r = 4.15.0-76-generic
uname -s = Linux
uname -v = #86~16.04.1-Ubuntu SMP Mon Jan 20 11:02:50 UTC 2020

/usr/bin/uname -p = unknown
/bin/uname -X     = unknown

/bin/arch              = unknown
/usr/bin/arch -k       = unknown
/usr/convex/getsysinfo = unknown
/usr/bin/hostinfo      = unknown
/bin/machine           = unknown
/usr/bin/oslevel       = unknown
/bin/universe          = unknown

PATH: /home/hrainnie/bin
PATH: /home/hrainnie/.local/bin
PATH: /usr/local/sbin
PATH: /usr/local/bin
PATH: /usr/sbin
PATH: /usr/bin
PATH: /sbin
PATH: /bin
PATH: /usr/games
PATH: /usr/local/games
PATH: /snap/bin


## ----------- ##
## Core tests. ##
## ----------- ##

configure:2601: checking for makeinfo
configure:2631: result: no
configure:2639: WARNING: Info documentation will not be built.
configure:2690: checking for a BSD-compatible install
configure:2758: result: /usr/bin/install -c
configure:2769: checking whether build environment is sane
configure:2824: result: yes
configure:2975: checking for a thread-safe mkdir -p
configure:3014: result: /bin/mkdir -p
configure:3021: checking for gawk
configure:3051: result: no
configure:3021: checking for mawk
configure:3037: found /usr/bin/mawk
configure:3048: result: mawk
configure:3059: checking whether make sets $(MAKE)
configure:3081: result: yes
configure:3110: checking whether make supports nested variables
configure:3127: result: yes
configure:3312: checking for gcc
configure:3328: found /usr/bin/gcc
configure:3339: result: gcc
configure:3568: checking for C compiler version
configure:3577: gcc --version >&5
gcc (Ubuntu 5.4.0-6ubuntu1~16.04.12) 5.4.0 20160609
Copyright (C) 2015 Free Software Foundation, Inc.
This is free software; see the source for copying conditions.  There is NO
warranty; not even for MERCHANTABILITY or FITNESS FOR A PARTICULAR PURPOSE.

configure:3588: $? = 0
configure:3577: gcc -v >&5
Using built-in specs.
COLLECT_GCC=gcc
COLLECT_LTO_WRAPPER=/usr/lib/gcc/x86_64-linux-gnu/5/lto-wrapper
Target: x86_64-linux-gnu
Configured with: ../src/configure -v --with-pkgversion='Ubuntu 5.4.0-6ubuntu1~16.04.12' --with-bugurl=file:///usr/share/doc/gcc-5/README.Bugs --enable-languages=c,ada,c++,java,go,d,fortran,objc,obj-c++ --prefix=/usr --program-suffix=-5 --enable-shared --enable-linker-build-id --libexecdir=/usr/lib --without-included-gettext --enable-threads=posix --libdir=/usr/lib --enable-nls --with-sysroot=/ --enable-clocale=gnu --enable-libstdcxx-debug --enable-libstdcxx-time=yes --with-default-libstdcxx-abi=new --enable-gnu-unique-object --disable-vtable-verify --enable-libmpx --enable-plugin --with-system-zlib --disable-browser-plugin --enable-java-awt=gtk --enable-gtk-cairo --with-java-home=/usr/lib/jvm/java-1.5.0-gcj-5-amd64/jre --enable-java-home --with-jvm-root-dir=/usr/lib/jvm/java-1.5.0-gcj-5-amd64 --with-jvm-jar-dir=/usr/lib/jvm-exports/java-1.5.0-gcj-5-amd64 --with-arch-directory=amd64 --with-ecj-jar=/usr/share/java/eclipse-ecj.jar --enable-objc-gc --enable-multiarch --disable-werror --with-arch-32=i686 --with-abi=m64 --with-multilib-list=m32,m64,mx32 --enable-multilib --with-tune=generic --enable-checking=release --build=x86_64-linux-gnu --host=x86_64-linux-gnu --target=x86_64-linux-gnu
Thread model: posix
gcc version 5.4.0 20160609 (Ubuntu 5.4.0-6ubuntu1~16.04.12) 
configure:3588: $? = 0
configure:3577: gcc -V >&5
gcc: error: unrecognized command line option '-V'
gcc: fatal error: no input files
compilation terminated.
configure:3588: $? = 1
configure:3577: gcc -qversion >&5
gcc: error: unrecognized command line option '-qversion'
gcc: fatal error: no input files
compilation terminated.
configure:3588: $? = 1
configure:3608: checking whether the C compiler works
configure:3630: gcc    conftest.c  >&5
configure:3634: $? = 0
configure:3682: result: yes
configure:3685: checking for C compiler default output file name
configure:3687: result: a.out
configure:3693: checking for suffix of executables
configure:3700: gcc -o conftest    conftest.c  >&5
configure:3704: $? = 0
configure:3726: result: 
configure:3748: checking whether we are cross compiling
configure:3756: gcc -o conftest    conftest.c  >&5
configure:3760: $? = 0
configure:3767: ./conftest
configure:3771: $? = 0
configure:3786: result: no
configure:3791: checking for suffix of object files
configure:3813: gcc -c   conftest.c >&5
configure:3817: $? = 0
configure:3838: result: o
configure:3842: checking whether we are using the GNU C compiler
configure:3861: gcc -c   conftest.c >&5
configure:3861: $? = 0
configure:3870: result: yes
configure:3879: checking whether gcc accepts -g
configure:3899: gcc -c -g  conftest.c >&5
configure:3899: $? = 0
configure:3940: result: yes
configure:3957: checking for gcc option to accept ISO C89
configure:4020: gcc  -c -g -O2  conftest.c >&5
configure:4020: $? = 0
configure:4033: result: none needed
configure:4058: checking whether gcc understands -c and -o together
configure:4080: gcc -c conftest.c -o conftest2.o
configure:4083: $? = 0
configure:4080: gcc -c conftest.c -o conftest2.o
configure:4083: $? = 0
configure:4095: result: yes
configure:4123: checking for style of include used by make
configure:4151: result: GNU
configure:4177: checking dependency style of gcc
configure:4288: result: gcc3
configure:4303: checking for gcc option to accept ISO C99
configure:4452: gcc  -c -g -O2  conftest.c >&5
configure:4452: $? = 0
configure:4465: result: none needed
configure:4524: checking for ranlib
configure:4540: found /usr/bin/ranlib
configure:4551: result: ranlib
configure:4627: checking for pkg-config
configure:4645: found /usr/bin/pkg-config
configure:4657: result: /usr/bin/pkg-config
configure:4682: checking pkg-config is at least version 0.23
configure:4685: result: yes
configure:4757: checking build system type
configure:4771: result: x86_64-pc-linux-gnu
configure:4791: checking host system type
configure:4804: result: x86_64-pc-linux-gnu
configure:4845: checking how to print strings
configure:4872: result: printf
configure:4893: checking for a sed that does not truncate output
configure:4957: result: /bin/sed
configure:4975: checking for grep that handles long lines and -e
configure:5033: result: /bin/grep
configure:5038: checking for egrep
configure:5100: result: /bin/grep -E
configure:5105: checking for fgrep
configure:5167: result: /bin/grep -F
configure:5202: checking for ld used by gcc
configure:5269: result: /usr/bin/ld
configure:5276: checking if the linker (/usr/bin/ld) is GNU ld
configure:5291: result: yes
configure:5303: checking for BSD- or MS-compatible name lister (nm)
configure:5357: result: /usr/bin/nm -B
configure:5487: checking the name lister (/usr/bin/nm -B) interface
configure:5494: gcc -c -g -O2  conftest.c >&5
configure:5497: /usr/bin/nm -B "conftest.o"
configure:5500: output
0000000000000000 B some_variable
configure:5507: result: BSD nm
configure:5510: checking whether ln -s works
configure:5514: result: yes
configure:5522: checking the maximum length of command line arguments
configure:5653: result: 1572864
configure:5701: checking how to convert x86_64-pc-linux-gnu file names to x86_64-pc-linux-gnu format
configure:5741: result: func_convert_file_noop
configure:5748: checking how to convert x86_64-pc-linux-gnu file names to toolchain format
configure:5768: result: func_convert_file_noop
configure:5775: checking for /usr/bin/ld option to reload object files
configure:5782: result: -r
configure:5856: checking for objdump
configure:5872: found /usr/bin/objdump
configure:5883: result: objdump
configure:5915: checking how to recognize dependent libraries
configure:6115: result: pass_all
configure:6200: checking for dlltool
configure:6230: result: no
configure:6260: checking how to associate runtime and link libraries
configure:6287: result: printf %s\n
configure:6348: checking for ar
configure:6364: found /usr/bin/ar
configure:6375: result: ar
configure:6412: checking for archiver @FILE support
configure:6429: gcc -c -g -O2  conftest.c >&5
configure:6429: $? = 0
configure:6432: ar cru libconftest.a @conftest.lst >&5
ar: `u' modifier ignored since `D' is the default (see `U')
configure:6435: $? = 0
configure:6440: ar cru libconftest.a @conftest.lst >&5
ar: `u' modifier ignored since `D' is the default (see `U')
ar: conftest.o: No such file or directory
configure:6443: $? = 1
configure:6455: result: @
configure:6513: checking for strip
configure:6529: found /usr/bin/strip
configure:6540: result: strip
configure:6612: checking for ranlib
configure:6639: result: ranlib
configure:6741: checking command to parse /usr/bin/nm -B output from gcc object
configure:6894: gcc -c -g -O2  conftest.c >&5
configure:6897: $? = 0
configure:6901: /usr/bin/nm -B conftest.o \| sed -n -e 's/^.*[ ]\([ABCDGIRSTW][ABCDGIRSTW]*\)[ ][ ]*\([_A-Za-z][_A-Za-z0-9]*\)$/\1 \2 \2/p' | sed '/ __gnu_lto/d' \> conftest.nm
configure:6904: $? = 0
configure:6970: gcc -o conftest -g -O2   conftest.c conftstm.o >&5
configure:6973: $? = 0
configure:7011: result: ok
configure:7058: checking for sysroot
configure:7088: result: no
configure:7095: checking for a working dd
configure:7133: result: /bin/dd
configure:7137: checking how to truncate binary pipes
configure:7152: result: /bin/dd bs=4096 count=1
configure:7288: gcc -c -g -O2  conftest.c >&5
configure:7291: $? = 0
configure:7481: checking for mt
configure:7497: found /bin/mt
configure:7508: result: mt
configure:7531: checking if mt is a manifest tool
configure:7537: mt '-?'
configure:7545: result: no
configure:8222: checking how to run the C preprocessor
configure:8253: gcc -E  conftest.c
configure:8253: $? = 0
configure:8267: gcc -E  conftest.c
conftest.c:11:28: fatal error: ac_nonexistent.h: No such file or directory
compilation terminated.
configure:8267: $? = 1
configure: failed program was:
| /* confdefs.h */
| #define PACKAGE_NAME "openocd"
| #define PACKAGE_TARNAME "openocd"
| #define PACKAGE_VERSION "0.10.0+dev"
| #define PACKAGE_STRING "openocd 0.10.0+dev"
| #define PACKAGE_BUGREPORT "OpenOCD Mailing List <openocd-devel@lists.sourceforge.net>"
| #define PACKAGE_URL ""
| #define PACKAGE "openocd"
| #define VERSION "0.10.0+dev"
| /* end confdefs.h.  */
| #include <ac_nonexistent.h>
configure:8292: result: gcc -E
configure:8312: gcc -E  conftest.c
configure:8312: $? = 0
configure:8326: gcc -E  conftest.c
conftest.c:11:28: fatal error: ac_nonexistent.h: No such file or directory
compilation terminated.
configure:8326: $? = 1
configure: failed program was:
| /* confdefs.h */
| #define PACKAGE_NAME "openocd"
| #define PACKAGE_TARNAME "openocd"
| #define PACKAGE_VERSION "0.10.0+dev"
| #define PACKAGE_STRING "openocd 0.10.0+dev"
| #define PACKAGE_BUGREPORT "OpenOCD Mailing List <openocd-devel@lists.sourceforge.net>"
| #define PACKAGE_URL ""
| #define PACKAGE "openocd"
| #define VERSION "0.10.0+dev"
| /* end confdefs.h.  */
| #include <ac_nonexistent.h>
configure:8355: checking for ANSI C header files
configure:8375: gcc -c -g -O2  conftest.c >&5
configure:8375: $? = 0
configure:8448: gcc -o conftest -g -O2   conftest.c  >&5
configure:8448: $? = 0
configure:8448: ./conftest
configure:8448: $? = 0
configure:8459: result: yes
configure:8472: checking for sys/types.h
configure:8472: gcc -c -g -O2  conftest.c >&5
configure:8472: $? = 0
configure:8472: result: yes
configure:8472: checking for sys/stat.h
configure:8472: gcc -c -g -O2  conftest.c >&5
configure:8472: $? = 0
configure:8472: result: yes
configure:8472: checking for stdlib.h
configure:8472: gcc -c -g -O2  conftest.c >&5
configure:8472: $? = 0
configure:8472: result: yes
configure:8472: checking for string.h
configure:8472: gcc -c -g -O2  conftest.c >&5
configure:8472: $? = 0
configure:8472: result: yes
configure:8472: checking for memory.h
configure:8472: gcc -c -g -O2  conftest.c >&5
configure:8472: $? = 0
configure:8472: result: yes
configure:8472: checking for strings.h
configure:8472: gcc -c -g -O2  conftest.c >&5
configure:8472: $? = 0
configure:8472: result: yes
configure:8472: checking for inttypes.h
configure:8472: gcc -c -g -O2  conftest.c >&5
configure:8472: $? = 0
configure:8472: result: yes
configure:8472: checking for stdint.h
configure:8472: gcc -c -g -O2  conftest.c >&5
configure:8472: $? = 0
configure:8472: result: yes
configure:8472: checking for unistd.h
configure:8472: gcc -c -g -O2  conftest.c >&5
configure:8472: $? = 0
configure:8472: result: yes
configure:8486: checking for dlfcn.h
configure:8486: gcc -c -g -O2  conftest.c >&5
configure:8486: $? = 0
configure:8486: result: yes
configure:8712: checking for objdir
configure:8727: result: .libs
configure:8987: checking if gcc supports -fno-rtti -fno-exceptions
configure:9005: gcc -c -g -O2  -fno-rtti -fno-exceptions conftest.c >&5
cc1: warning: command line option '-fno-rtti' is valid for C++/ObjC++ but not for C
configure:9009: $? = 0
configure:9022: result: no
configure:9380: checking for gcc option to produce PIC
configure:9387: result: -fPIC -DPIC
configure:9395: checking if gcc PIC flag -fPIC -DPIC works
configure:9413: gcc -c -g -O2  -fPIC -DPIC -DPIC conftest.c >&5
configure:9417: $? = 0
configure:9430: result: yes
configure:9459: checking if gcc static flag -static works
configure:9487: result: yes
configure:9502: checking if gcc supports -c -o file.o
configure:9523: gcc -c -g -O2  -o out/conftest2.o conftest.c >&5
configure:9527: $? = 0
configure:9549: result: yes
configure:9557: checking if gcc supports -c -o file.o
configure:9604: result: yes
configure:9637: checking whether the gcc linker (/usr/bin/ld -m elf_x86_64) supports shared libraries
configure:10900: result: yes
configure:11140: checking dynamic linker characteristics
configure:11721: gcc -o conftest -g -O2   -Wl,-rpath -Wl,/foo conftest.c  >&5
configure:11721: $? = 0
configure:11970: result: GNU/Linux ld.so
configure:12092: checking how to hardcode library paths into programs
configure:12117: result: immediate
configure:12665: checking whether stripping libraries is possible
configure:12670: result: yes
configure:12705: checking if libtool supports shared libraries
configure:12707: result: yes
configure:12710: checking whether to build shared libraries
configure:12735: result: no
configure:12738: checking whether to build static libraries
configure:12742: result: yes
configure:12781: checking for an ANSI C-conforming const
configure:12847: gcc -c -g -O2  conftest.c >&5
configure:12847: $? = 0
configure:12854: result: yes
configure:12863: checking for unsigned long long int
configure:12911: result: yes
configure:12921: checking for long long int
configure:12971: result: yes
configure:12980: checking for library containing ioperm
configure:13011: gcc -o conftest -g -O2   conftest.c  >&5
configure:13011: $? = 0
configure:13028: result: none required
configure:13036: checking for library containing dlopen
configure:13067: gcc -o conftest -g -O2   conftest.c  >&5
/tmp/cc2yxDUX.o: In function `main':
/home/hrainnie/openocd/conftest.c:36: undefined reference to `dlopen'
collect2: error: ld returned 1 exit status
configure:13067: $? = 1
configure: failed program was:
| /* confdefs.h */
| #define PACKAGE_NAME "openocd"
| #define PACKAGE_TARNAME "openocd"
| #define PACKAGE_VERSION "0.10.0+dev"
| #define PACKAGE_STRING "openocd 0.10.0+dev"
| #define PACKAGE_BUGREPORT "OpenOCD Mailing List <openocd-devel@lists.sourceforge.net>"
| #define PACKAGE_URL ""
| #define PACKAGE "openocd"
| #define VERSION "0.10.0+dev"
| #define STDC_HEADERS 1
| #define HAVE_SYS_TYPES_H 1
| #define HAVE_SYS_STAT_H 1
| #define HAVE_STDLIB_H 1
| #define HAVE_STRING_H 1
| #define HAVE_MEMORY_H 1
| #define HAVE_STRINGS_H 1
| #define HAVE_INTTYPES_H 1
| #define HAVE_STDINT_H 1
| #define HAVE_UNISTD_H 1
| #define HAVE_DLFCN_H 1
| #define LT_OBJDIR ".libs/"
| #define HAVE_UNSIGNED_LONG_LONG_INT 1
| #define HAVE_LONG_LONG_INT 1
| /* end confdefs.h.  */
| 
| /* Override any GCC internal prototype to avoid an error.
|    Use char because int might match the return type of a GCC
|    builtin and then its argument prototype would still apply.  */
| #ifdef __cplusplus
| extern "C"
| #endif
| char dlopen ();
| int
| main ()
| {
| return dlopen ();
|   ;
|   return 0;
| }
configure:13067: gcc -o conftest -g -O2   conftest.c -ldl   >&5
configure:13067: $? = 0
configure:13084: result: -ldl
configure:13095: checking sys/socket.h usability
configure:13095: gcc -c -g -O2  conftest.c >&5
configure:13095: $? = 0
configure:13095: result: yes
configure:13095: checking sys/socket.h presence
configure:13095: gcc -E  conftest.c
configure:13095: $? = 0
configure:13095: result: yes
configure:13095: checking for sys/socket.h
configure:13095: result: yes
configure:13107: checking elf.h usability
configure:13107: gcc -c -g -O2  conftest.c >&5
configure:13107: $? = 0
configure:13107: result: yes
configure:13107: checking elf.h presence
configure:13107: gcc -E  conftest.c
configure:13107: $? = 0
configure:13107: result: yes
configure:13107: checking for elf.h
configure:13107: result: yes
configure:13119: checking dirent.h usability
configure:13119: gcc -c -g -O2  conftest.c >&5
configure:13119: $? = 0
configure:13119: result: yes
configure:13119: checking dirent.h presence
configure:13119: gcc -E  conftest.c
configure:13119: $? = 0
configure:13119: result: yes
configure:13119: checking for dirent.h
configure:13119: result: yes
configure:13131: checking fcntl.h usability
configure:13131: gcc -c -g -O2  conftest.c >&5
configure:13131: $? = 0
configure:13131: result: yes
configure:13131: checking fcntl.h presence
configure:13131: gcc -E  conftest.c
configure:13131: $? = 0
configure:13131: result: yes
configure:13131: checking for fcntl.h
configure:13131: result: yes
configure:13143: checking malloc.h usability
configure:13143: gcc -c -g -O2  conftest.c >&5
configure:13143: $? = 0
configure:13143: result: yes
configure:13143: checking malloc.h presence
configure:13143: gcc -E  conftest.c
configure:13143: $? = 0
configure:13143: result: yes
configure:13143: checking for malloc.h
configure:13143: result: yes
configure:13155: checking netdb.h usability
configure:13155: gcc -c -g -O2  conftest.c >&5
configure:13155: $? = 0
configure:13155: result: yes
configure:13155: checking netdb.h presence
configure:13155: gcc -E  conftest.c
configure:13155: $? = 0
configure:13155: result: yes
configure:13155: checking for netdb.h
configure:13155: result: yes
configure:13167: checking poll.h usability
configure:13167: gcc -c -g -O2  conftest.c >&5
configure:13167: $? = 0
configure:13167: result: yes
configure:13167: checking poll.h presence
configure:13167: gcc -E  conftest.c
configure:13167: $? = 0
configure:13167: result: yes
configure:13167: checking for poll.h
configure:13167: result: yes
configure:13179: checking pthread.h usability
configure:13179: gcc -c -g -O2  conftest.c >&5
configure:13179: $? = 0
configure:13179: result: yes
configure:13179: checking pthread.h presence
configure:13179: gcc -E  conftest.c
configure:13179: $? = 0
configure:13179: result: yes
configure:13179: checking for pthread.h
configure:13179: result: yes
configure:13191: checking for strings.h
configure:13191: result: yes
configure:13203: checking sys/ioctl.h usability
configure:13203: gcc -c -g -O2  conftest.c >&5
configure:13203: $? = 0
configure:13203: result: yes
configure:13203: checking sys/ioctl.h presence
configure:13203: gcc -E  conftest.c
configure:13203: $? = 0
configure:13203: result: yes
configure:13203: checking for sys/ioctl.h
configure:13203: result: yes
configure:13215: checking sys/param.h usability
configure:13215: gcc -c -g -O2  conftest.c >&5
configure:13215: $? = 0
configure:13215: result: yes
configure:13215: checking sys/param.h presence
configure:13215: gcc -E  conftest.c
configure:13215: $? = 0
configure:13215: result: yes
configure:13215: checking for sys/param.h
configure:13215: result: yes
configure:13227: checking sys/select.h usability
configure:13227: gcc -c -g -O2  conftest.c >&5
configure:13227: $? = 0
configure:13227: result: yes
configure:13227: checking sys/select.h presence
configure:13227: gcc -E  conftest.c
configure:13227: $? = 0
configure:13227: result: yes
configure:13227: checking for sys/select.h
configure:13227: result: yes
configure:13239: checking for sys/stat.h
configure:13239: result: yes
configure:13251: checking sys/sysctl.h usability
configure:13251: gcc -c -g -O2  conftest.c >&5
configure:13251: $? = 0
configure:13251: result: yes
configure:13251: checking sys/sysctl.h presence
configure:13251: gcc -E  conftest.c
configure:13251: $? = 0
configure:13251: result: yes
configure:13251: checking for sys/sysctl.h
configure:13251: result: yes
configure:13263: checking sys/time.h usability
configure:13263: gcc -c -g -O2  conftest.c >&5
configure:13263: $? = 0
configure:13263: result: yes
configure:13263: checking sys/time.h presence
configure:13263: gcc -E  conftest.c
configure:13263: $? = 0
configure:13263: result: yes
configure:13263: checking for sys/time.h
configure:13263: result: yes
configure:13275: checking for sys/types.h
configure:13275: result: yes
configure:13287: checking for unistd.h
configure:13287: result: yes
configure:13300: checking for arpa/inet.h
configure:13300: gcc -c -g -O2  conftest.c >&5
configure:13300: $? = 0
configure:13300: result: yes
configure:13300: checking for ifaddrs.h
configure:13300: gcc -c -g -O2  conftest.c >&5
configure:13300: $? = 0
configure:13300: result: yes
configure:13300: checking for netinet/in.h
configure:13300: gcc -c -g -O2  conftest.c >&5
configure:13300: $? = 0
configure:13300: result: yes
configure:13300: checking for netinet/tcp.h
configure:13300: gcc -c -g -O2  conftest.c >&5
configure:13300: $? = 0
configure:13300: result: yes
configure:13300: checking for net/if.h
configure:13300: gcc -c -g -O2  conftest.c >&5
configure:13300: $? = 0
configure:13300: result: yes
configure:13325: checking whether to enable assertions
configure:13343: result: yes
configure:13346: checking for stdbool.h that conforms to C99
configure:13413: gcc -c -g -O2  conftest.c >&5
configure:13413: $? = 0
configure:13420: result: yes
configure:13422: checking for _Bool
configure:13422: gcc -c -g -O2  conftest.c >&5
configure:13422: $? = 0
configure:13422: gcc -c -g -O2  conftest.c >&5
conftest.c: In function 'main':
conftest.c:83:20: error: expected expression before ')' token
 if (sizeof ((_Bool)))
                    ^
configure:13422: $? = 1
configure: failed program was:
| /* confdefs.h */
| #define PACKAGE_NAME "openocd"
| #define PACKAGE_TARNAME "openocd"
| #define PACKAGE_VERSION "0.10.0+dev"
| #define PACKAGE_STRING "openocd 0.10.0+dev"
| #define PACKAGE_BUGREPORT "OpenOCD Mailing List <openocd-devel@lists.sourceforge.net>"
| #define PACKAGE_URL ""
| #define PACKAGE "openocd"
| #define VERSION "0.10.0+dev"
| #define STDC_HEADERS 1
| #define HAVE_SYS_TYPES_H 1
| #define HAVE_SYS_STAT_H 1
| #define HAVE_STDLIB_H 1
| #define HAVE_STRING_H 1
| #define HAVE_MEMORY_H 1
| #define HAVE_STRINGS_H 1
| #define HAVE_INTTYPES_H 1
| #define HAVE_STDINT_H 1
| #define HAVE_UNISTD_H 1
| #define HAVE_DLFCN_H 1
| #define LT_OBJDIR ".libs/"
| #define HAVE_UNSIGNED_LONG_LONG_INT 1
| #define HAVE_LONG_LONG_INT 1
| #define HAVE_SYS_SOCKET_H 1
| #define HAVE_ELF_H 1
| #define HAVE_DIRENT_H 1
| #define HAVE_FCNTL_H 1
| #define HAVE_MALLOC_H 1
| #define HAVE_NETDB_H 1
| #define HAVE_POLL_H 1
| #define HAVE_PTHREAD_H 1
| #define HAVE_STRINGS_H 1
| #define HAVE_SYS_IOCTL_H 1
| #define HAVE_SYS_PARAM_H 1
| #define HAVE_SYS_SELECT_H 1
| #define HAVE_SYS_STAT_H 1
| #define HAVE_SYS_SYSCTL_H 1
| #define HAVE_SYS_TIME_H 1
| #define HAVE_SYS_TYPES_H 1
| #define HAVE_UNISTD_H 1
| #define HAVE_ARPA_INET_H 1
| #define HAVE_IFADDRS_H 1
| #define HAVE_NETINET_IN_H 1
| #define HAVE_NETINET_TCP_H 1
| #define HAVE_NET_IF_H 1
| /* end confdefs.h.  */
| #include <stdio.h>
| #ifdef HAVE_SYS_TYPES_H
| # include <sys/types.h>
| #endif
| #ifdef HAVE_SYS_STAT_H
| # include <sys/stat.h>
| #endif
| #ifdef STDC_HEADERS
| # include <stdlib.h>
| # include <stddef.h>
| #else
| # ifdef HAVE_STDLIB_H
| #  include <stdlib.h>
| # endif
| #endif
| #ifdef HAVE_STRING_H
| # if !defined STDC_HEADERS && defined HAVE_MEMORY_H
| #  include <memory.h>
| # endif
| # include <string.h>
| #endif
| #ifdef HAVE_STRINGS_H
| # include <strings.h>
| #endif
| #ifdef HAVE_INTTYPES_H
| # include <inttypes.h>
| #endif
| #ifdef HAVE_STDINT_H
| # include <stdint.h>
| #endif
| #ifdef HAVE_UNISTD_H
| # include <unistd.h>
| #endif
| int
| main ()
| {
| if (sizeof ((_Bool)))
| 	    return 0;
|   ;
|   return 0;
| }
configure:13422: result: yes
configure:13439: checking whether time.h and sys/time.h may both be included
configure:13459: gcc -c -g -O2  conftest.c >&5
configure:13459: $? = 0
configure:13466: result: yes
configure:13475: checking whether byte ordering is bigendian
configure:13490: gcc -c -g -O2  conftest.c >&5
conftest.c:51:9: error: unknown type name 'not'
         not a universal capable compiler
         ^
conftest.c:51:15: error: expected '=', ',', ';', 'asm' or '__attribute__' before 'universal'
         not a universal capable compiler
               ^
conftest.c:51:15: error: unknown type name 'universal'
configure:13490: $? = 1
configure: failed program was:
| /* confdefs.h */
| #define PACKAGE_NAME "openocd"
| #define PACKAGE_TARNAME "openocd"
| #define PACKAGE_VERSION "0.10.0+dev"
| #define PACKAGE_STRING "openocd 0.10.0+dev"
| #define PACKAGE_BUGREPORT "OpenOCD Mailing List <openocd-devel@lists.sourceforge.net>"
| #define PACKAGE_URL ""
| #define PACKAGE "openocd"
| #define VERSION "0.10.0+dev"
| #define STDC_HEADERS 1
| #define HAVE_SYS_TYPES_H 1
| #define HAVE_SYS_STAT_H 1
| #define HAVE_STDLIB_H 1
| #define HAVE_STRING_H 1
| #define HAVE_MEMORY_H 1
| #define HAVE_STRINGS_H 1
| #define HAVE_INTTYPES_H 1
| #define HAVE_STDINT_H 1
| #define HAVE_UNISTD_H 1
| #define HAVE_DLFCN_H 1
| #define LT_OBJDIR ".libs/"
| #define HAVE_UNSIGNED_LONG_LONG_INT 1
| #define HAVE_LONG_LONG_INT 1
| #define HAVE_SYS_SOCKET_H 1
| #define HAVE_ELF_H 1
| #define HAVE_DIRENT_H 1
| #define HAVE_FCNTL_H 1
| #define HAVE_MALLOC_H 1
| #define HAVE_NETDB_H 1
| #define HAVE_POLL_H 1
| #define HAVE_PTHREAD_H 1
| #define HAVE_STRINGS_H 1
| #define HAVE_SYS_IOCTL_H 1
| #define HAVE_SYS_PARAM_H 1
| #define HAVE_SYS_SELECT_H 1
| #define HAVE_SYS_STAT_H 1
| #define HAVE_SYS_SYSCTL_H 1
| #define HAVE_SYS_TIME_H 1
| #define HAVE_SYS_TYPES_H 1
| #define HAVE_UNISTD_H 1
| #define HAVE_ARPA_INET_H 1
| #define HAVE_IFADDRS_H 1
| #define HAVE_NETINET_IN_H 1
| #define HAVE_NETINET_TCP_H 1
| #define HAVE_NET_IF_H 1
| #define HAVE__BOOL 1
| #define HAVE_STDBOOL_H 1
| #define TIME_WITH_SYS_TIME 1
| /* end confdefs.h.  */
| #ifndef __APPLE_CC__
| 	       not a universal capable compiler
| 	     #endif
| 	     typedef int dummy;
| 
configure:13535: gcc -c -g -O2  conftest.c >&5
configure:13535: $? = 0
configure:13553: gcc -c -g -O2  conftest.c >&5
conftest.c: In function 'main':
conftest.c:57:4: error: unknown type name 'not'
    not big endian
    ^
conftest.c:57:12: error: expected '=', ',', ';', 'asm' or '__attribute__' before 'endian'
    not big endian
            ^
configure:13553: $? = 1
configure: failed program was:
| /* confdefs.h */
| #define PACKAGE_NAME "openocd"
| #define PACKAGE_TARNAME "openocd"
| #define PACKAGE_VERSION "0.10.0+dev"
| #define PACKAGE_STRING "openocd 0.10.0+dev"
| #define PACKAGE_BUGREPORT "OpenOCD Mailing List <openocd-devel@lists.sourceforge.net>"
| #define PACKAGE_URL ""
| #define PACKAGE "openocd"
| #define VERSION "0.10.0+dev"
| #define STDC_HEADERS 1
| #define HAVE_SYS_TYPES_H 1
| #define HAVE_SYS_STAT_H 1
| #define HAVE_STDLIB_H 1
| #define HAVE_STRING_H 1
| #define HAVE_MEMORY_H 1
| #define HAVE_STRINGS_H 1
| #define HAVE_INTTYPES_H 1
| #define HAVE_STDINT_H 1
| #define HAVE_UNISTD_H 1
| #define HAVE_DLFCN_H 1
| #define LT_OBJDIR ".libs/"
| #define HAVE_UNSIGNED_LONG_LONG_INT 1
| #define HAVE_LONG_LONG_INT 1
| #define HAVE_SYS_SOCKET_H 1
| #define HAVE_ELF_H 1
| #define HAVE_DIRENT_H 1
| #define HAVE_FCNTL_H 1
| #define HAVE_MALLOC_H 1
| #define HAVE_NETDB_H 1
| #define HAVE_POLL_H 1
| #define HAVE_PTHREAD_H 1
| #define HAVE_STRINGS_H 1
| #define HAVE_SYS_IOCTL_H 1
| #define HAVE_SYS_PARAM_H 1
| #define HAVE_SYS_SELECT_H 1
| #define HAVE_SYS_STAT_H 1
| #define HAVE_SYS_SYSCTL_H 1
| #define HAVE_SYS_TIME_H 1
| #define HAVE_SYS_TYPES_H 1
| #define HAVE_UNISTD_H 1
| #define HAVE_ARPA_INET_H 1
| #define HAVE_IFADDRS_H 1
| #define HAVE_NETINET_IN_H 1
| #define HAVE_NETINET_TCP_H 1
| #define HAVE_NET_IF_H 1
| #define HAVE__BOOL 1
| #define HAVE_STDBOOL_H 1
| #define TIME_WITH_SYS_TIME 1
| /* end confdefs.h.  */
| #include <sys/types.h>
| 		#include <sys/param.h>
| 
| int
| main ()
| {
| #if BYTE_ORDER != BIG_ENDIAN
| 		 not big endian
| 		#endif
| 
|   ;
|   return 0;
| }
configure:13681: result: no
configure:13702: checking for strndup
configure:13702: gcc -o conftest -g -O2   conftest.c -ldl  >&5
conftest.c:73:6: warning: conflicting types for built-in function 'strndup'
 char strndup ();
      ^
configure:13702: $? = 0
configure:13702: result: yes
configure:13713: checking for strnlen
configure:13713: gcc -o conftest -g -O2   conftest.c -ldl  >&5
configure:13713: $? = 0
configure:13713: result: yes
configure:13724: checking for gettimeofday
configure:13724: gcc -o conftest -g -O2   conftest.c -ldl  >&5
configure:13724: $? = 0
configure:13724: result: yes
configure:13735: checking for usleep
configure:13735: gcc -o conftest -g -O2   conftest.c -ldl  >&5
configure:13735: $? = 0
configure:13735: result: yes
configure:13746: checking for vasprintf
configure:13746: gcc -o conftest -g -O2   conftest.c -ldl  >&5
configure:13746: $? = 0
configure:13746: result: yes
configure:13757: checking for realpath
configure:13757: gcc -o conftest -g -O2   conftest.c -ldl  >&5
configure:13757: $? = 0
configure:13757: result: yes
configure:13768: checking whether to build a release
configure:13779: result: no
configure:13817: checking whether to build Doxygen as HTML
configure:13819: result: yes
configure:13830: checking whether to build Doxygen as PDF
configure:13832: result: no
configure:13884: checking whether to enable verbose USB I/O messages
configure:13886: result: no
configure:13896: checking whether to enable verbose USB communication messages
configure:13898: result: no
configure:13915: checking whether to enable malloc free space logging
configure:13917: result: no
configure:14280: checking whether to enable ZY1000 minidriver
configure:14295: result: no
configure:14306: checking whether to enable dummy minidriver
configure:14324: result: no
configure:14327: checking whether standard drivers can be built
configure:14339: result: yes
configure:14821: checking for LIBUSB1
configure:14828: $PKG_CONFIG --exists --print-errors "libusb-1.0"
configure:14831: $? = 0
configure:14845: $PKG_CONFIG --exists --print-errors "libusb-1.0"
configure:14848: $? = 0
configure:14894: result: yes
configure:14902: $PKG_CONFIG --exists --print-errors "libusb-1.0 >= 1.0.9"
configure:14905: $? = 0
configure:14915: libusb-1.0 header bug workaround: LIBUSB1_CFLAGS changed to "-isystem /usr/include/libusb-1.0"
configure:14918: $PKG_CONFIG --exists --print-errors "libusb-1.0 >= 1.0.16"
configure:14921: $? = 0
configure:14932: checking for LIBUSB0
configure:14939: $PKG_CONFIG --exists --print-errors "libusb"
configure:14942: $? = 0
configure:14956: $PKG_CONFIG --exists --print-errors "libusb"
configure:14959: $? = 0
configure:14997: result: yes
configure:15005: checking for HIDAPI
configure:15012: $PKG_CONFIG --exists --print-errors "$hidapi_lib"
Package hidapi was not found in the pkg-config search path.
Perhaps you should add the directory containing `hidapi.pc'
to the PKG_CONFIG_PATH environment variable
No package 'hidapi' found
configure:15015: $? = 1
configure:15029: $PKG_CONFIG --exists --print-errors "$hidapi_lib"
Package hidapi was not found in the pkg-config search path.
Perhaps you should add the directory containing `hidapi.pc'
to the PKG_CONFIG_PATH environment variable
No package 'hidapi' found
configure:15032: $? = 1
configure:15046: result: no
No package 'hidapi' found
configure:15005: checking for HIDAPI
configure:15012: $PKG_CONFIG --exists --print-errors "$hidapi_lib"
configure:15015: $? = 0
configure:15029: $PKG_CONFIG --exists --print-errors "$hidapi_lib"
configure:15032: $? = 0
configure:15074: result: yes
configure:15085: checking for LIBFTDI
configure:15092: $PKG_CONFIG --exists --print-errors "libftdi1"
Package libftdi1 was not found in the pkg-config search path.
Perhaps you should add the directory containing `libftdi1.pc'
to the PKG_CONFIG_PATH environment variable
No package 'libftdi1' found
configure:15095: $? = 1
configure:15109: $PKG_CONFIG --exists --print-errors "libftdi1"
Package libftdi1 was not found in the pkg-config search path.
Perhaps you should add the directory containing `libftdi1.pc'
to the PKG_CONFIG_PATH environment variable
No package 'libftdi1' found
configure:15112: $? = 1
configure:15126: result: no
No package 'libftdi1' found
configure:15145: checking for LIBFTDI
configure:15152: $PKG_CONFIG --exists --print-errors "libftdi"
Package libftdi was not found in the pkg-config search path.
Perhaps you should add the directory containing `libftdi.pc'
to the PKG_CONFIG_PATH environment variable
No package 'libftdi' found
configure:15155: $? = 1
configure:15169: $PKG_CONFIG --exists --print-errors "libftdi"
Package libftdi was not found in the pkg-config search path.
Perhaps you should add the directory containing `libftdi.pc'
to the PKG_CONFIG_PATH environment variable
No package 'libftdi' found
configure:15172: $? = 1
configure:15186: result: no
No package 'libftdi' found
configure:15301: checking for LIBJAYLINK
configure:15308: $PKG_CONFIG --exists --print-errors "libjaylink >= 0.2"
Package libjaylink was not found in the pkg-config search path.
Perhaps you should add the directory containing `libjaylink.pc'
to the PKG_CONFIG_PATH environment variable
No package 'libjaylink' found
configure:15311: $? = 1
configure:15325: $PKG_CONFIG --exists --print-errors "libjaylink >= 0.2"
Package libjaylink was not found in the pkg-config search path.
Perhaps you should add the directory containing `libjaylink.pc'
to the PKG_CONFIG_PATH environment variable
No package 'libjaylink' found
configure:15328: $? = 1
configure:15342: result: no
No package 'libjaylink' found
configure:16551: checking for environ in unistd.h and stdlib.h
configure:16569: gcc -c -g -O2  conftest.c >&5
configure:16569: $? = 0
configure:16571: result: yes
configure:16765: checking that generated files are newer than configure
configure:16771: result: done
configure:17023: creating ./config.status

## ---------------------- ##
## Running config.status. ##
## ---------------------- ##

This file was extended by openocd config.status 0.10.0+dev, which was
generated by GNU Autoconf 2.69.  Invocation command line was

  CONFIG_FILES    = 
  CONFIG_HEADERS  = 
  CONFIG_LINKS    = 
  CONFIG_COMMANDS = 
  $ ./config.status 

on ubuntu

config.status:1295: creating Makefile
config.status:1295: creating config.h
config.status:1476: config.h is unchanged
config.status:1524: executing depfiles commands
config.status:1524: executing libtool commands
configure:19232: === configuring in jimtcl (/home/hrainnie/openocd/jimtcl)
configure:19295: running /bin/bash ./configure.gnu --disable-option-checking '--prefix=/usr/local'  '--enable-ftdi' '--enable-stlink' '--enable-ti-icdi' '--enable-jlink' '--enable-cmsis-dap' --cache-file=/dev/null --srcdir=.
configure:19232: === configuring in src/jtag/drivers/libjaylink (/home/hrainnie/openocd/src/jtag/drivers/libjaylink)
configure:19295: running /bin/bash ./configure.gnu --disable-option-checking '--prefix=/usr/local'  '--enable-ftdi' '--enable-stlink' '--enable-ti-icdi' '--enable-jlink' '--enable-cmsis-dap' --cache-file=/dev/null --srcdir=.

## ---------------- ##
## Cache variables. ##
## ---------------- ##

ac_cv_build=x86_64-pc-linux-gnu
ac_cv_c_bigendian=no
ac_cv_c_compiler_gnu=yes
ac_cv_c_const=yes
ac_cv_env_CC_set=
ac_cv_env_CC_value=
ac_cv_env_CFLAGS_set=
ac_cv_env_CFLAGS_value=
ac_cv_env_CPPFLAGS_set=
ac_cv_env_CPPFLAGS_value=
ac_cv_env_CPP_set=
ac_cv_env_CPP_value=
ac_cv_env_HIDAPI_CFLAGS_set=
ac_cv_env_HIDAPI_CFLAGS_value=
ac_cv_env_HIDAPI_LIBS_set=
ac_cv_env_HIDAPI_LIBS_value=
ac_cv_env_LDFLAGS_set=
ac_cv_env_LDFLAGS_value=
ac_cv_env_LIBFTDI_CFLAGS_set=
ac_cv_env_LIBFTDI_CFLAGS_value=
ac_cv_env_LIBFTDI_LIBS_set=
ac_cv_env_LIBFTDI_LIBS_value=
ac_cv_env_LIBJAYLINK_CFLAGS_set=
ac_cv_env_LIBJAYLINK_CFLAGS_value=
ac_cv_env_LIBJAYLINK_LIBS_set=
ac_cv_env_LIBJAYLINK_LIBS_value=
ac_cv_env_LIBS_set=
ac_cv_env_LIBS_value=
ac_cv_env_LIBUSB0_CFLAGS_set=
ac_cv_env_LIBUSB0_CFLAGS_value=
ac_cv_env_LIBUSB0_LIBS_set=
ac_cv_env_LIBUSB0_LIBS_value=
ac_cv_env_LIBUSB1_CFLAGS_set=
ac_cv_env_LIBUSB1_CFLAGS_value=
ac_cv_env_LIBUSB1_LIBS_set=
ac_cv_env_LIBUSB1_LIBS_value=
ac_cv_env_LT_SYS_LIBRARY_PATH_set=
ac_cv_env_LT_SYS_LIBRARY_PATH_value=
ac_cv_env_PKG_CONFIG_LIBDIR_set=
ac_cv_env_PKG_CONFIG_LIBDIR_value=
ac_cv_env_PKG_CONFIG_PATH_set=
ac_cv_env_PKG_CONFIG_PATH_value=
ac_cv_env_PKG_CONFIG_set=
ac_cv_env_PKG_CONFIG_value=
ac_cv_env_build_alias_set=
ac_cv_env_build_alias_value=
ac_cv_env_host_alias_set=
ac_cv_env_host_alias_value=
ac_cv_env_target_alias_set=
ac_cv_env_target_alias_value=
ac_cv_func_gettimeofday=yes
ac_cv_func_realpath=yes
ac_cv_func_strndup=yes
ac_cv_func_strnlen=yes
ac_cv_func_usleep=yes
ac_cv_func_vasprintf=yes
ac_cv_header_arpa_inet_h=yes
ac_cv_header_dirent_h=yes
ac_cv_header_dlfcn_h=yes
ac_cv_header_elf_h=yes
ac_cv_header_fcntl_h=yes
ac_cv_header_ifaddrs_h=yes
ac_cv_header_inttypes_h=yes
ac_cv_header_malloc_h=yes
ac_cv_header_memory_h=yes
ac_cv_header_net_if_h=yes
ac_cv_header_netdb_h=yes
ac_cv_header_netinet_in_h=yes
ac_cv_header_netinet_tcp_h=yes
ac_cv_header_poll_h=yes
ac_cv_header_pthread_h=yes
ac_cv_header_stdbool_h=yes
ac_cv_header_stdc=yes
ac_cv_header_stdint_h=yes
ac_cv_header_stdlib_h=yes
ac_cv_header_string_h=yes
ac_cv_header_strings_h=yes
ac_cv_header_sys_ioctl_h=yes
ac_cv_header_sys_param_h=yes
ac_cv_header_sys_select_h=yes
ac_cv_header_sys_socket_h=yes
ac_cv_header_sys_stat_h=yes
ac_cv_header_sys_sysctl_h=yes
ac_cv_header_sys_time_h=yes
ac_cv_header_sys_types_h=yes
ac_cv_header_time=yes
ac_cv_header_unistd_h=yes
ac_cv_host=x86_64-pc-linux-gnu
ac_cv_objext=o
ac_cv_path_EGREP='/bin/grep -E'
ac_cv_path_FGREP='/bin/grep -F'
ac_cv_path_GREP=/bin/grep
ac_cv_path_SED=/bin/sed
ac_cv_path_ac_pt_PKG_CONFIG=/usr/bin/pkg-config
ac_cv_path_install='/usr/bin/install -c'
ac_cv_path_lt_DD=/bin/dd
ac_cv_path_mkdir=/bin/mkdir
ac_cv_prog_AWK=mawk
ac_cv_prog_CPP='gcc -E'
ac_cv_prog_ac_ct_AR=ar
ac_cv_prog_ac_ct_CC=gcc
ac_cv_prog_ac_ct_MANIFEST_TOOL=mt
ac_cv_prog_ac_ct_OBJDUMP=objdump
ac_cv_prog_ac_ct_RANLIB=ranlib
ac_cv_prog_ac_ct_STRIP=strip
ac_cv_prog_cc_c89=
ac_cv_prog_cc_c99=
ac_cv_prog_cc_g=yes
ac_cv_prog_make_make_set=yes
ac_cv_search_dlopen=-ldl
ac_cv_search_ioperm='none required'
ac_cv_type__Bool=yes
ac_cv_type_long_long_int=yes
ac_cv_type_unsigned_long_long_int=yes
am_cv_CC_dependencies_compiler_type=gcc3
am_cv_make_support_nested_variables=yes
am_cv_prog_cc_c_o=yes
lt_cv_ar_at_file=@
lt_cv_deplibs_check_method=pass_all
lt_cv_file_magic_cmd='$MAGIC_CMD'
lt_cv_file_magic_test_file=
lt_cv_ld_reload_flag=-r
lt_cv_nm_interface='BSD nm'
lt_cv_objdir=.libs
lt_cv_path_LD=/usr/bin/ld
lt_cv_path_NM='/usr/bin/nm -B'
lt_cv_path_mainfest_tool=no
lt_cv_prog_compiler_c_o=yes
lt_cv_prog_compiler_pic='-fPIC -DPIC'
lt_cv_prog_compiler_pic_works=yes
lt_cv_prog_compiler_rtti_exceptions=no
lt_cv_prog_compiler_static_works=yes
lt_cv_prog_gnu_ld=yes
lt_cv_sharedlib_from_linklib_cmd='printf %s\n'
lt_cv_shlibpath_overrides_runpath=no
lt_cv_sys_global_symbol_pipe='sed -n -e '\''s/^.*[	 ]\([ABCDGIRSTW][ABCDGIRSTW]*\)[	 ][	 ]*\([_A-Za-z][_A-Za-z0-9]*\)$/\1 \2 \2/p'\'' | sed '\''/ __gnu_lto/d'\'''
lt_cv_sys_global_symbol_to_c_name_address='sed -n -e '\''s/^: \(.*\) .*$/  {"\1", (void *) 0},/p'\'' -e '\''s/^[ABCDGIRSTW][ABCDGIRSTW]* .* \(.*\)$/  {"\1", (void *) \&\1},/p'\'''
lt_cv_sys_global_symbol_to_c_name_address_lib_prefix='sed -n -e '\''s/^: \(.*\) .*$/  {"\1", (void *) 0},/p'\'' -e '\''s/^[ABCDGIRSTW][ABCDGIRSTW]* .* \(lib.*\)$/  {"\1", (void *) \&\1},/p'\'' -e '\''s/^[ABCDGIRSTW][ABCDGIRSTW]* .* \(.*\)$/  {"lib\1", (void *) \&\1},/p'\'''
lt_cv_sys_global_symbol_to_cdecl='sed -n -e '\''s/^T .* \(.*\)$/extern int \1();/p'\'' -e '\''s/^[ABCDGIRSTW][ABCDGIRSTW]* .* \(.*\)$/extern char \1;/p'\'''
lt_cv_sys_global_symbol_to_import=
lt_cv_sys_max_cmd_len=1572864
lt_cv_to_host_file_cmd=func_convert_file_noop
lt_cv_to_tool_file_cmd=func_convert_file_noop
lt_cv_truncate_bin='/bin/dd bs=4096 count=1'
pkg_cv_HIDAPI_CFLAGS=-I/usr/include/hidapi
pkg_cv_HIDAPI_LIBS=-lhidapi-hidraw
pkg_cv_LIBUSB0_CFLAGS=
pkg_cv_LIBUSB0_LIBS=-lusb
pkg_cv_LIBUSB1_CFLAGS=-I/usr/include/libusb-1.0
pkg_cv_LIBUSB1_LIBS=-lusb-1.0

## ----------------- ##
## Output variables. ##
## ----------------- ##

ACLOCAL='${SHELL} /home/hrainnie/openocd/missing aclocal-1.15'
AICE_FALSE='#'
AICE_TRUE=''
AMDEPBACKSLASH='\'
AMDEP_FALSE='#'
AMDEP_TRUE=''
AMTAR='$${TAR-tar}'
AMTJTAGACCEL_FALSE=''
AMTJTAGACCEL_TRUE='#'
AM_BACKSLASH='\'
AM_DEFAULT_V='$(AM_DEFAULT_VERBOSITY)'
AM_DEFAULT_VERBOSITY='1'
AM_V='$(V)'
AR='ar'
ARMJTAGEW_FALSE='#'
ARMJTAGEW_TRUE=''
AT91RM9200_FALSE=''
AT91RM9200_TRUE='#'
AUTOCONF='${SHELL} /home/hrainnie/openocd/missing autoconf'
AUTOHEADER='${SHELL} /home/hrainnie/openocd/missing autoheader'
AUTOMAKE='${SHELL} /home/hrainnie/openocd/missing automake-1.15'
AWK='mawk'
BCM2835GPIO_FALSE=''
BCM2835GPIO_TRUE='#'
BITBANG_FALSE=''
BITBANG_TRUE='#'
BITQ_FALSE=''
BITQ_TRUE='#'
BUSPIRATE_FALSE=''
BUSPIRATE_TRUE='#'
CC='gcc'
CCDEPMODE='depmode=gcc3'
CFLAGS='-g -O2'
CMSIS_DAP_FALSE='#'
CMSIS_DAP_TRUE=''
CPP='gcc -E'
CPPFLAGS=''
CYGPATH_W='echo'
DEFS='-DHAVE_CONFIG_H'
DEPDIR='.deps'
DLLTOOL='false'
DSYMUTIL=''
DUMMY_FALSE=''
DUMMY_TRUE='#'
DUMPBIN=''
ECHO_C=''
ECHO_N='-n'
ECHO_T=''
EGREP='/bin/grep -E'
EP93XX_FALSE=''
EP93XX_TRUE='#'
EXEEXT=''
FGREP='/bin/grep -F'
FT232R_FALSE='#'
FT232R_TRUE=''
FTDI_FALSE='#'
FTDI_TRUE=''
GCC_WARNINGS='-Wall -Wstrict-prototypes -Wformat-security -Wshadow -Wextra -Wno-unused-parameter -Wbad-function-cast -Wcast-align -Wredundant-decls -Werror'
GIVEIO_FALSE=''
GIVEIO_TRUE='#'
GREP='/bin/grep'
GW16012_FALSE=''
GW16012_TRUE='#'
HIDAPI_CFLAGS='-I/usr/include/hidapi'
HIDAPI_LIBS='-lhidapi-hidraw'
HLADAPTER_FALSE='#'
HLADAPTER_ICDI_FALSE='#'
HLADAPTER_ICDI_TRUE=''
HLADAPTER_STLINK_FALSE='#'
HLADAPTER_STLINK_TRUE=''
HLADAPTER_TRUE=''
HOST_CPPFLAGS=''
IMX_GPIO_FALSE=''
IMX_GPIO_TRUE='#'
INSTALL_DATA='${INSTALL} -m 644'
INSTALL_PROGRAM='${INSTALL}'
INSTALL_SCRIPT='${INSTALL}'
INSTALL_STRIP_PROGRAM='$(install_sh) -c -s'
INTERNAL_JIMTCL_FALSE='#'
INTERNAL_JIMTCL_TRUE=''
INTERNAL_LIBJAYLINK_FALSE='#'
INTERNAL_LIBJAYLINK_TRUE=''
IOUTIL_FALSE=''
IOUTIL_TRUE='#'
IS_CYGWIN_FALSE=''
IS_CYGWIN_TRUE='#'
IS_DARWIN_FALSE=''
IS_DARWIN_TRUE='#'
IS_MINGW_FALSE=''
IS_MINGW_TRUE='#'
IS_WIN32_FALSE=''
IS_WIN32_TRUE='#'
JLINK_FALSE='#'
JLINK_TRUE=''
JTAG_VPI_FALSE=''
JTAG_VPI_TRUE='#'
KITPROG_FALSE='#'
KITPROG_TRUE=''
LD='/usr/bin/ld -m elf_x86_64'
LDFLAGS=''
LIBFTDI_CFLAGS=''
LIBFTDI_LIBS=''
LIBJAYLINK_CFLAGS=''
LIBJAYLINK_LIBS=''
LIBOBJS=''
LIBS='-ldl '
LIBTOOL='$(SHELL) $(top_builddir)/libtool'
LIBTOOL_DEPS='./ltmain.sh'
LIBUSB0_CFLAGS=''
LIBUSB0_LIBS='-lusb'
LIBUSB1_CFLAGS='-isystem /usr/include/libusb-1.0'
LIBUSB1_LIBS='-lusb-1.0'
LIPO=''
LN_S='ln -s'
LTLIBOBJS=''
LT_SYS_LIBRARY_PATH=''
MAKEINFO='echo makeinfo missing; true'
MANIFEST_TOOL=':'
MINIDRIVER_DUMMY_FALSE=''
MINIDRIVER_DUMMY_TRUE='#'
MINIDRIVER_FALSE=''
MINIDRIVER_TRUE='#'
MKDIR_P='/bin/mkdir -p'
NM='/usr/bin/nm -B'
NMEDIT=''
OBJDUMP='objdump'
OBJEXT='o'
OOCD_TRACE_FALSE=''
OOCD_TRACE_TRUE='#'
OPENDOUS_FALSE='#'
OPENDOUS_TRUE=''
OPENJTAG_FALSE=''
OPENJTAG_TRUE='#'
OSBDM_FALSE='#'
OSBDM_TRUE=''
OTOOL64=''
OTOOL=''
PACKAGE='openocd'
PACKAGE_BUGREPORT='OpenOCD Mailing List <openocd-devel@lists.sourceforge.net>'
PACKAGE_NAME='openocd'
PACKAGE_STRING='openocd 0.10.0+dev'
PACKAGE_TARNAME='openocd'
PACKAGE_URL=''
PACKAGE_VERSION='0.10.0+dev'
PARPORT_FALSE=''
PARPORT_TRUE='#'
PATH_SEPARATOR=':'
PKG_CONFIG='/usr/bin/pkg-config'
PKG_CONFIG_LIBDIR=''
PKG_CONFIG_PATH=''
PRESTO_FALSE=''
PRESTO_TRUE='#'
RANLIB='ranlib'
RELEASE_FALSE=''
RELEASE_TRUE='#'
REMOTE_BITBANG_FALSE=''
REMOTE_BITBANG_TRUE='#'
RLINK_FALSE='#'
RLINK_TRUE=''
SED='/bin/sed'
SET_MAKE=''
SHELL='/bin/bash'
STRIP='strip'
SYSFSGPIO_FALSE=''
SYSFSGPIO_TRUE='#'
TARGET64_FALSE='#'
TARGET64_TRUE=''
ULINK_FALSE='#'
ULINK_TRUE=''
USBPROG_FALSE='#'
USBPROG_TRUE=''
USB_BLASTER_2_FALSE='#'
USB_BLASTER_2_TRUE=''
USB_BLASTER_DRIVER_FALSE='#'
USB_BLASTER_DRIVER_TRUE=''
USB_BLASTER_FALSE=''
USB_BLASTER_TRUE='#'
USE_HIDAPI_FALSE='#'
USE_HIDAPI_TRUE=''
USE_LIBFTDI_FALSE=''
USE_LIBFTDI_TRUE='#'
USE_LIBJAYLINK_FALSE=''
USE_LIBJAYLINK_TRUE='#'
USE_LIBUSB0_FALSE='#'
USE_LIBUSB0_TRUE=''
USE_LIBUSB1_FALSE='#'
USE_LIBUSB1_TRUE=''
VERSION='0.10.0+dev'
VSLLINK_FALSE='#'
VSLLINK_TRUE=''
XDS110_FALSE='#'
XDS110_TRUE=''
XLNX_PCIE_XVC_FALSE=''
XLNX_PCIE_XVC_TRUE='#'
ZY1000_FALSE=''
ZY1000_MASTER_FALSE=''
ZY1000_MASTER_TRUE='#'
ZY1000_TRUE='#'
ac_ct_AR='ar'
ac_ct_CC='gcc'
ac_ct_DUMPBIN=''
am__EXEEXT_FALSE=''
am__EXEEXT_TRUE='#'
am__fastdepCC_FALSE='#'
am__fastdepCC_TRUE=''
am__include='include'
am__isrc=''
am__leading_dot='.'
am__nodep='_no'
am__quote=''
am__tar='$${TAR-tar} chof - "$$tardir"'
am__untar='$${TAR-tar} xf -'
bindir='${exec_prefix}/bin'
build='x86_64-pc-linux-gnu'
build_alias=''
build_cpu='x86_64'
build_os='linux-gnu'
build_vendor='pc'
datadir='${datarootdir}'
datarootdir='${prefix}/share'
docdir='${datarootdir}/doc/${PACKAGE_TARNAME}'
doxygen_as_html='yes'
doxygen_as_pdf='no'
dvidir='${docdir}'
exec_prefix='${prefix}'
host='x86_64-pc-linux-gnu'
host_alias=''
host_cpu='x86_64'
host_os='linux-gnu'
host_vendor='pc'
htmldir='${docdir}'
includedir='${prefix}/include'
infodir='${datarootdir}/info'
install_sh='${SHELL} /home/hrainnie/openocd/install-sh'
libdir='${exec_prefix}/lib'
libexecdir='${exec_prefix}/libexec'
localedir='${datarootdir}/locale'
localstatedir='${prefix}/var'
mandir='${datarootdir}/man'
mkdir_p='$(MKDIR_P)'
oldincludedir='/usr/include'
pdfdir='${docdir}'
prefix='/usr/local'
program_transform_name='s,x,x,'
psdir='${docdir}'
runstatedir='${localstatedir}/run'
sbindir='${exec_prefix}/sbin'
sharedstatedir='${prefix}/com'
subdirs=' jimtcl src/jtag/drivers/libjaylink'
sysconfdir='${prefix}/etc'
target_alias=''

## ----------- ##
## confdefs.h. ##
## ----------- ##

/* confdefs.h */
#define PACKAGE_NAME "openocd"
#define PACKAGE_TARNAME "openocd"
#define PACKAGE_VERSION "0.10.0+dev"
#define PACKAGE_STRING "openocd 0.10.0+dev"
#define PACKAGE_BUGREPORT "OpenOCD Mailing List <openocd-devel@lists.sourceforge.net>"
#define PACKAGE_URL ""
#define PACKAGE "openocd"
#define VERSION "0.10.0+dev"
#define STDC_HEADERS 1
#define HAVE_SYS_TYPES_H 1
#define HAVE_SYS_STAT_H 1
#define HAVE_STDLIB_H 1
#define HAVE_STRING_H 1
#define HAVE_MEMORY_H 1
#define HAVE_STRINGS_H 1
#define HAVE_INTTYPES_H 1
#define HAVE_STDINT_H 1
#define HAVE_UNISTD_H 1
#define HAVE_DLFCN_H 1
#define LT_OBJDIR ".libs/"
#define HAVE_UNSIGNED_LONG_LONG_INT 1
#define HAVE_LONG_LONG_INT 1
#define HAVE_SYS_SOCKET_H 1
#define HAVE_ELF_H 1
#define HAVE_DIRENT_H 1
#define HAVE_FCNTL_H 1
#define HAVE_MALLOC_H 1
#define HAVE_NETDB_H 1
#define HAVE_POLL_H 1
#define HAVE_PTHREAD_H 1
#define HAVE_STRINGS_H 1
#define HAVE_SYS_IOCTL_H 1
#define HAVE_SYS_PARAM_H 1
#define HAVE_SYS_SELECT_H 1
#define HAVE_SYS_STAT_H 1
#define HAVE_SYS_SYSCTL_H 1
#define HAVE_SYS_TIME_H 1
#define HAVE_SYS_TYPES_H 1
#define HAVE_UNISTD_H 1
#define HAVE_ARPA_INET_H 1
#define HAVE_IFADDRS_H 1
#define HAVE_NETINET_IN_H 1
#define HAVE_NETINET_TCP_H 1
#define HAVE_NET_IF_H 1
#define HAVE__BOOL 1
#define HAVE_STDBOOL_H 1
#define TIME_WITH_SYS_TIME 1
#define HAVE_STRNDUP 1
#define HAVE_STRNLEN 1
#define HAVE_GETTIMEOFDAY 1
#define HAVE_USLEEP 1
#define HAVE_VASPRINTF 1
#define HAVE_REALPATH 1
#define IS_CYGWIN 0
#define IS_MINGW 0
#define IS_WIN32 0
#define IS_DARWIN 0
#define BUILD_PARPORT 0
#define BUILD_DUMMY 0
#define BUILD_EP93XX 0
#define BUILD_ZY1000 0
#define BUILD_ZY1000_MASTER 0
#define BUILD_AT91RM9200 0
#define BUILD_BCM2835GPIO 0
#define BUILD_IMX_GPIO 0
#define PARPORT_USE_PPDEV 1
#define PARPORT_USE_GIVEIO 0
#define BUILD_JTAG_VPI 0
#define BUILD_AMTJTAGACCEL 0
#define BUILD_GW16012 0
#define BUILD_OOCD_TRACE 0
#define BUILD_BUSPIRATE 0
#define BUILD_REMOTE_BITBANG 0
#define BUILD_SYSFSGPIO 0
#define BUILD_XLNX_PCIE_XVC 0
#define BUILD_TARGET64 1
#define HAVE_LIBUSB1 1
#define HAVE_LIBUSB_ERROR_NAME 1
#define HAVE_LIBUSB_GET_PORT_NUMBERS 1
#define BUILD_FTDI 1
#define BUILD_HLADAPTER_STLINK 1
#define BUILD_HLADAPTER_ICDI 1
#define BUILD_ULINK 1
#define BUILD_USB_BLASTER_2 1
#define BUILD_FT232R 1
#define BUILD_VSLLINK 1
#define BUILD_XDS110 1
#define BUILD_OSBDM 1
#define BUILD_OPENDOUS 1
#define BUILD_AICE 1
#define BUILD_USBPROG 1
#define BUILD_RLINK 1
#define BUILD_ARMJTAGEW 1
#define BUILD_CMSIS_DAP 1
#define BUILD_KITPROG 1
#define BUILD_JLINK 1
#define BUILD_HLADAPTER 1
#define _GNU_SOURCE 1

configure: exit 0
